<?xml version="1.0" encoding="UTF-8"?>
<testng-results skipped="0" failed="0" ignored="0" total="1" passed="1">
  <reporter-output>
  </reporter-output>
  <suite name="TestCase1" duration-ms="17247" started-at="2023-02-08T00:01:46 ICT" finished-at="2023-02-08T00:02:03 ICT">
    <groups>
    </groups>
    <test name="Command line test" duration-ms="17247" started-at="2023-02-08T00:01:46 ICT" finished-at="2023-02-08T00:02:03 ICT">
      <class name="TestCase1">
        <test-method status="PASS" signature="setUp()[pri:0, instance:TestCase1@ea1a8d5]" name="setUp" is-config="true" duration-ms="11611" started-at="2023-02-08T00:01:46 ICT" finished-at="2023-02-08T00:01:57 ICT">
          <reporter-output>
          </reporter-output>
        </test-method> <!-- setUp -->
        <test-method status="PASS" signature="firstTry()[pri:0, instance:TestCase1@ea1a8d5]" name="firstTry" duration-ms="5042" started-at="2023-02-08T00:01:57 ICT" finished-at="2023-02-08T00:02:02 ICT">
          <reporter-output>
          </reporter-output>
        </test-method> <!-- firstTry -->
        <test-method status="PASS" signature="tearDown()[pri:0, instance:TestCase1@ea1a8d5]" name="tearDown" is-config="true" duration-ms="569" started-at="2023-02-08T00:02:02 ICT" finished-at="2023-02-08T00:02:03 ICT">
          <reporter-output>
          </reporter-output>
        </test-method> <!-- tearDown -->
      </class> <!-- TestCase1 -->
    </test> <!-- Command line test -->
  </suite> <!-- TestCase1 -->
</testng-results>
